<?xml version="1.0" encoding="UTF-8"?>
<!-- Generated by org.testng.reporters.JUnitXMLReporter -->
<testsuite ignored="0" hostname="IND-L501" failures="0" tests="6" name="Test" time="49.334" errors="0" timestamp="2023-10-02T22:48:42 IST">
  <testcase classname="testcases.RunLogin" name="runLogin" time="1.471"/>
  <testcase classname="testcases.CreateContact" name="mergeLead" time="11.598"/>
  <testcase classname="testcases.CreateLead" name="createLead" time="12.833"/>
  <testcase classname="testcases.EditLead" name="editLead" time="12.467"/>
  <testcase classname="testcases.DeleteLead" name="deleteLead" time="12.679"/>
  <testcase classname="testcases.MergeLead" name="mergeLead" time="25.106"/>
</testsuite> <!-- Test -->
