<?xml version="1.0" encoding="UTF-8"?>
<testng-results ignored="0" total="5" passed="5" failed="0" skipped="0">
  <reporter-output>
  </reporter-output>
  <suite started-at="2023-12-03T13:10:23 IST" name="Default suite" finished-at="2023-12-03T13:10:32 IST" duration-ms="9352">
    <groups>
      <group name="cucumber">
        <method signature="AbstractTestNGCucumberTests.runScenario(io.cucumber.testng.PickleWrapper,io.cucumber.testng.FeatureWrapper)[pri:0, instance:runner.Runner@4d0f2471]" name="runScenario" class="io.cucumber.testng.AbstractTestNGCucumberTests"/>
      </group> <!-- cucumber -->
    </groups>
    <test started-at="2023-12-03T13:10:23 IST" name="Default test" finished-at="2023-12-03T13:10:32 IST" duration-ms="9352">
      <class name="runner.Runner">
        <test-method is-config="true" signature="setUpClass(org.testng.ITestContext)[pri:0, instance:runner.Runner@4d0f2471]" started-at="2023-12-03T13:10:23 IST" name="setUpClass" finished-at="2023-12-03T13:10:23 IST" duration-ms="360" status="PASS">
          <params>
            <param index="0">
              <value>
                <![CDATA[org.testng.TestRunner@44864536]]>
              </value>
            </param>
          </params>
          <reporter-output>
          </reporter-output>
        </test-method> <!-- setUpClass -->
        <test-method signature="runScenario(io.cucumber.testng.PickleWrapper,io.cucumber.testng.FeatureWrapper)[pri:0, instance:runner.Runner@4d0f2471]" started-at="2023-12-03T13:10:23 IST" name="runScenario" description="Runs Cucumber Scenarios" data-provider="scenarios" finished-at="2023-12-03T13:10:26 IST" duration-ms="2774" status="PASS">
          <params>
            <param index="0">
              <value>
                <![CDATA["Create Issue"]]>
              </value>
            </param>
            <param index="1">
              <value>
                <![CDATA["Incident Management"]]>
              </value>
            </param>
          </params>
          <reporter-output>
          </reporter-output>
        </test-method> <!-- runScenario -->
        <test-method signature="runScenario(io.cucumber.testng.PickleWrapper,io.cucumber.testng.FeatureWrapper)[pri:0, instance:runner.Runner@4d0f2471]" started-at="2023-12-03T13:10:26 IST" name="runScenario" description="Runs Cucumber Scenarios" data-provider="scenarios" finished-at="2023-12-03T13:10:27 IST" duration-ms="941" status="PASS">
          <params>
            <param index="0">
              <value>
                <![CDATA["Update issue"]]>
              </value>
            </param>
            <param index="1">
              <value>
                <![CDATA["Incident Management"]]>
              </value>
            </param>
          </params>
          <reporter-output>
          </reporter-output>
        </test-method> <!-- runScenario -->
        <test-method signature="runScenario(io.cucumber.testng.PickleWrapper,io.cucumber.testng.FeatureWrapper)[pri:0, instance:runner.Runner@4d0f2471]" started-at="2023-12-03T13:10:27 IST" name="runScenario" description="Runs Cucumber Scenarios" data-provider="scenarios" finished-at="2023-12-03T13:10:28 IST" duration-ms="684" status="PASS">
          <params>
            <param index="0">
              <value>
                <![CDATA["Delete issue"]]>
              </value>
            </param>
            <param index="1">
              <value>
                <![CDATA["Incident Management"]]>
              </value>
            </param>
          </params>
          <reporter-output>
          </reporter-output>
        </test-method> <!-- runScenario -->
        <test-method signature="runScenario(io.cucumber.testng.PickleWrapper,io.cucumber.testng.FeatureWrapper)[pri:0, instance:runner.Runner@4d0f2471]" started-at="2023-12-03T13:10:28 IST" name="runScenario" description="Runs Cucumber Scenarios" data-provider="scenarios" finished-at="2023-12-03T13:10:29 IST" duration-ms="786" status="PASS">
          <params>
            <param index="0">
              <value>
                <![CDATA["Create Issue with Multiple data"]]>
              </value>
            </param>
            <param index="1">
              <value>
                <![CDATA["Incident Management"]]>
              </value>
            </param>
          </params>
          <reporter-output>
          </reporter-output>
        </test-method> <!-- runScenario -->
        <test-method signature="runScenario(io.cucumber.testng.PickleWrapper,io.cucumber.testng.FeatureWrapper)[pri:0, instance:runner.Runner@4d0f2471]" started-at="2023-12-03T13:10:29 IST" name="runScenario" description="Runs Cucumber Scenarios" data-provider="scenarios" finished-at="2023-12-03T13:10:29 IST" duration-ms="676" status="PASS">
          <params>
            <param index="0">
              <value>
                <![CDATA["Create Issue with Multiple data"]]>
              </value>
            </param>
            <param index="1">
              <value>
                <![CDATA["Incident Management"]]>
              </value>
            </param>
          </params>
          <reporter-output>
          </reporter-output>
        </test-method> <!-- runScenario -->
        <test-method is-config="true" signature="tearDownClass()[pri:0, instance:runner.Runner@4d0f2471]" started-at="2023-12-03T13:10:29 IST" name="tearDownClass" finished-at="2023-12-03T13:10:32 IST" duration-ms="3110" status="PASS">
          <reporter-output>
          </reporter-output>
        </test-method> <!-- tearDownClass -->
      </class> <!-- runner.Runner -->
    </test> <!-- Default test -->
  </suite> <!-- Default suite -->
</testng-results>
